{"C:\\Users\\Adam\\Desktop\\warsawjs-workshop-35-legacy-code\\reports\\bestStreaks.js": {"path":"C:\\Users\\Adam\\Desktop\\warsawjs-workshop-35-legacy-code\\reports\\bestStreaks.js","statementMap":{"0":{"start":{"line":1,"column":9},"end":{"line":1,"column":22}},"1":{"start":{"line":2,"column":14},"end":{"line":2,"column":39}},"2":{"start":{"line":3,"column":14},"end":{"line":3,"column":39}},"3":{"start":{"line":4,"column":13},"end":{"line":4,"column":37}},"4":{"start":{"line":5,"column":16},"end":{"line":5,"column":46}},"5":{"start":{"line":8,"column":13},"end":{"line":8,"column":15}},"6":{"start":{"line":11,"column":0},"end":{"line":83,"column":3}},"7":{"start":{"line":12,"column":2},"end":{"line":12,"column":25}},"8":{"start":{"line":14,"column":13},"end":{"line":14,"column":15}},"9":{"start":{"line":15,"column":14},"end":{"line":15,"column":16}},"10":{"start":{"line":16,"column":14},"end":{"line":16,"column":15}},"11":{"start":{"line":18,"column":2},"end":{"line":82,"column":3}},"12":{"start":{"line":18,"column":15},"end":{"line":18,"column":16}},"13":{"start":{"line":19,"column":4},"end":{"line":81,"column":5}},"14":{"start":{"line":20,"column":6},"end":{"line":20,"column":74}},"15":{"start":{"line":21,"column":6},"end":{"line":21,"column":60}},"16":{"start":{"line":23,"column":6},"end":{"line":27,"column":7}},"17":{"start":{"line":24,"column":8},"end":{"line":26,"column":9}},"18":{"start":{"line":25,"column":10},"end":{"line":25,"column":28}},"19":{"start":{"line":29,"column":6},"end":{"line":32,"column":7}},"20":{"start":{"line":31,"column":8},"end":{"line":31,"column":26}},"21":{"start":{"line":34,"column":6},"end":{"line":47,"column":7}},"22":{"start":{"line":34,"column":19},"end":{"line":34,"column":20}},"23":{"start":{"line":35,"column":8},"end":{"line":46,"column":9}},"24":{"start":{"line":36,"column":10},"end":{"line":40,"column":11}},"25":{"start":{"line":37,"column":12},"end":{"line":37,"column":20}},"26":{"start":{"line":39,"column":12},"end":{"line":39,"column":22}},"27":{"start":{"line":42,"column":10},"end":{"line":44,"column":11}},"28":{"start":{"line":43,"column":12},"end":{"line":43,"column":29}},"29":{"start":{"line":45,"column":10},"end":{"line":45,"column":103}},"30":{"start":{"line":49,"column":6},"end":{"line":49,"column":19}},"31":{"start":{"line":50,"column":17},"end":{"line":50,"column":21}},"32":{"start":{"line":51,"column":26},"end":{"line":51,"column":30}},"33":{"start":{"line":54,"column":6},"end":{"line":72,"column":9}},"34":{"start":{"line":55,"column":8},"end":{"line":69,"column":9}},"35":{"start":{"line":56,"column":10},"end":{"line":63,"column":11}},"36":{"start":{"line":57,"column":12},"end":{"line":57,"column":46}},"37":{"start":{"line":59,"column":12},"end":{"line":59,"column":41}},"38":{"start":{"line":60,"column":12},"end":{"line":60,"column":48}},"39":{"start":{"line":61,"column":12},"end":{"line":61,"column":46}},"40":{"start":{"line":62,"column":12},"end":{"line":62,"column":40}},"41":{"start":{"line":65,"column":10},"end":{"line":65,"column":39}},"42":{"start":{"line":66,"column":10},"end":{"line":66,"column":46}},"43":{"start":{"line":67,"column":10},"end":{"line":67,"column":44}},"44":{"start":{"line":68,"column":10},"end":{"line":68,"column":38}},"45":{"start":{"line":71,"column":8},"end":{"line":71,"column":23}},"46":{"start":{"line":77,"column":6},"end":{"line":77,"column":37}},"47":{"start":{"line":78,"column":6},"end":{"line":78,"column":45}},"48":{"start":{"line":80,"column":6},"end":{"line":80,"column":16}},"49":{"start":{"line":85,"column":0},"end":{"line":85,"column":47}}},"fnMap":{"0":{"name":"(anonymous_0)","decl":{"start":{"line":11,"column":35},"end":{"line":11,"column":36}},"loc":{"start":{"line":11,"column":50},"end":{"line":83,"column":1}},"line":11},"1":{"name":"(anonymous_1)","decl":{"start":{"line":54,"column":26},"end":{"line":54,"column":27}},"loc":{"start":{"line":54,"column":37},"end":{"line":72,"column":7}},"line":54}},"branchMap":{"0":{"loc":{"start":{"line":19,"column":4},"end":{"line":81,"column":5}},"type":"if","locations":[{"start":{"line":19,"column":4},"end":{"line":81,"column":5}},{"start":{"line":19,"column":4},"end":{"line":81,"column":5}}],"line":19},"1":{"loc":{"start":{"line":23,"column":6},"end":{"line":27,"column":7}},"type":"if","locations":[{"start":{"line":23,"column":6},"end":{"line":27,"column":7}},{"start":{"line":23,"column":6},"end":{"line":27,"column":7}}],"line":23},"2":{"loc":{"start":{"line":24,"column":8},"end":{"line":26,"column":9}},"type":"if","locations":[{"start":{"line":24,"column":8},"end":{"line":26,"column":9}},{"start":{"line":24,"column":8},"end":{"line":26,"column":9}}],"line":24},"3":{"loc":{"start":{"line":29,"column":6},"end":{"line":32,"column":7}},"type":"if","locations":[{"start":{"line":29,"column":6},"end":{"line":32,"column":7}},{"start":{"line":29,"column":6},"end":{"line":32,"column":7}}],"line":29},"4":{"loc":{"start":{"line":35,"column":8},"end":{"line":46,"column":9}},"type":"if","locations":[{"start":{"line":35,"column":8},"end":{"line":46,"column":9}},{"start":{"line":35,"column":8},"end":{"line":46,"column":9}}],"line":35},"5":{"loc":{"start":{"line":36,"column":10},"end":{"line":40,"column":11}},"type":"if","locations":[{"start":{"line":36,"column":10},"end":{"line":40,"column":11}},{"start":{"line":36,"column":10},"end":{"line":40,"column":11}}],"line":36},"6":{"loc":{"start":{"line":42,"column":10},"end":{"line":44,"column":11}},"type":"if","locations":[{"start":{"line":42,"column":10},"end":{"line":44,"column":11}},{"start":{"line":42,"column":10},"end":{"line":44,"column":11}}],"line":42},"7":{"loc":{"start":{"line":55,"column":8},"end":{"line":69,"column":9}},"type":"if","locations":[{"start":{"line":55,"column":8},"end":{"line":69,"column":9}},{"start":{"line":55,"column":8},"end":{"line":69,"column":9}}],"line":55},"8":{"loc":{"start":{"line":55,"column":12},"end":{"line":55,"column":84}},"type":"binary-expr","locations":[{"start":{"line":55,"column":12},"end":{"line":55,"column":16}},{"start":{"line":55,"column":20},"end":{"line":55,"column":84}}],"line":55},"9":{"loc":{"start":{"line":56,"column":10},"end":{"line":63,"column":11}},"type":"if","locations":[{"start":{"line":56,"column":10},"end":{"line":63,"column":11}},{"start":{"line":56,"column":10},"end":{"line":63,"column":11}}],"line":56}},"s":{"0":0,"1":0,"2":0,"3":0,"4":0,"5":0,"6":0,"7":0,"8":0,"9":0,"10":0,"11":0,"12":0,"13":0,"14":0,"15":0,"16":0,"17":0,"18":0,"19":0,"20":0,"21":0,"22":0,"23":0,"24":0,"25":0,"26":0,"27":0,"28":0,"29":0,"30":0,"31":0,"32":0,"33":0,"34":0,"35":0,"36":0,"37":0,"38":0,"39":0,"40":0,"41":0,"42":0,"43":0,"44":0,"45":0,"46":0,"47":0,"48":0,"49":0},"f":{"0":0,"1":0},"b":{"0":[0,0],"1":[0,0],"2":[0,0],"3":[0,0],"4":[0,0],"5":[0,0],"6":[0,0],"7":[0,0],"8":[0,0],"9":[0,0]},"hash":"f1fec724e1bc97ef77586a848accb63a279429c2"}
,"C:\\Users\\Adam\\Desktop\\warsawjs-workshop-35-legacy-code\\reports\\currentStreaks.js": {"path":"C:\\Users\\Adam\\Desktop\\warsawjs-workshop-35-legacy-code\\reports\\currentStreaks.js","statementMap":{"0":{"start":{"line":1,"column":9},"end":{"line":1,"column":22}},"1":{"start":{"line":2,"column":14},"end":{"line":2,"column":39}},"2":{"start":{"line":3,"column":13},"end":{"line":3,"column":37}},"3":{"start":{"line":4,"column":17},"end":{"line":4,"column":45}},"4":{"start":{"line":5,"column":14},"end":{"line":5,"column":42}},"5":{"start":{"line":8,"column":13},"end":{"line":8,"column":15}},"6":{"start":{"line":11,"column":0},"end":{"line":64,"column":3}},"7":{"start":{"line":12,"column":2},"end":{"line":12,"column":25}},"8":{"start":{"line":16,"column":13},"end":{"line":16,"column":15}},"9":{"start":{"line":17,"column":14},"end":{"line":17,"column":16}},"10":{"start":{"line":19,"column":2},"end":{"line":19,"column":52}},"11":{"start":{"line":21,"column":2},"end":{"line":63,"column":3}},"12":{"start":{"line":21,"column":15},"end":{"line":21,"column":16}},"13":{"start":{"line":22,"column":4},"end":{"line":62,"column":5}},"14":{"start":{"line":23,"column":6},"end":{"line":23,"column":74}},"15":{"start":{"line":24,"column":6},"end":{"line":24,"column":60}},"16":{"start":{"line":26,"column":6},"end":{"line":34,"column":7}},"17":{"start":{"line":26,"column":19},"end":{"line":26,"column":20}},"18":{"start":{"line":28,"column":8},"end":{"line":33,"column":9}},"19":{"start":{"line":29,"column":10},"end":{"line":31,"column":11}},"20":{"start":{"line":30,"column":12},"end":{"line":30,"column":29}},"21":{"start":{"line":32,"column":10},"end":{"line":32,"column":103}},"22":{"start":{"line":36,"column":6},"end":{"line":36,"column":19}},"23":{"start":{"line":37,"column":17},"end":{"line":37,"column":21}},"24":{"start":{"line":38,"column":26},"end":{"line":38,"column":30}},"25":{"start":{"line":40,"column":6},"end":{"line":57,"column":9}},"26":{"start":{"line":41,"column":8},"end":{"line":55,"column":9}},"27":{"start":{"line":42,"column":10},"end":{"line":49,"column":11}},"28":{"start":{"line":43,"column":12},"end":{"line":43,"column":46}},"29":{"start":{"line":45,"column":12},"end":{"line":45,"column":41}},"30":{"start":{"line":46,"column":12},"end":{"line":46,"column":48}},"31":{"start":{"line":47,"column":12},"end":{"line":47,"column":46}},"32":{"start":{"line":48,"column":12},"end":{"line":48,"column":40}},"33":{"start":{"line":51,"column":10},"end":{"line":51,"column":39}},"34":{"start":{"line":52,"column":10},"end":{"line":52,"column":46}},"35":{"start":{"line":53,"column":10},"end":{"line":53,"column":44}},"36":{"start":{"line":54,"column":10},"end":{"line":54,"column":38}},"37":{"start":{"line":56,"column":8},"end":{"line":56,"column":23}},"38":{"start":{"line":60,"column":6},"end":{"line":60,"column":37}},"39":{"start":{"line":61,"column":6},"end":{"line":61,"column":46}}},"fnMap":{"0":{"name":"(anonymous_0)","decl":{"start":{"line":11,"column":35},"end":{"line":11,"column":36}},"loc":{"start":{"line":11,"column":50},"end":{"line":64,"column":1}},"line":11},"1":{"name":"(anonymous_1)","decl":{"start":{"line":40,"column":26},"end":{"line":40,"column":27}},"loc":{"start":{"line":40,"column":37},"end":{"line":57,"column":7}},"line":40}},"branchMap":{"0":{"loc":{"start":{"line":22,"column":4},"end":{"line":62,"column":5}},"type":"if","locations":[{"start":{"line":22,"column":4},"end":{"line":62,"column":5}},{"start":{"line":22,"column":4},"end":{"line":62,"column":5}}],"line":22},"1":{"loc":{"start":{"line":28,"column":8},"end":{"line":33,"column":9}},"type":"if","locations":[{"start":{"line":28,"column":8},"end":{"line":33,"column":9}},{"start":{"line":28,"column":8},"end":{"line":33,"column":9}}],"line":28},"2":{"loc":{"start":{"line":29,"column":10},"end":{"line":31,"column":11}},"type":"if","locations":[{"start":{"line":29,"column":10},"end":{"line":31,"column":11}},{"start":{"line":29,"column":10},"end":{"line":31,"column":11}}],"line":29},"3":{"loc":{"start":{"line":41,"column":8},"end":{"line":55,"column":9}},"type":"if","locations":[{"start":{"line":41,"column":8},"end":{"line":55,"column":9}},{"start":{"line":41,"column":8},"end":{"line":55,"column":9}}],"line":41},"4":{"loc":{"start":{"line":41,"column":12},"end":{"line":41,"column":84}},"type":"binary-expr","locations":[{"start":{"line":41,"column":12},"end":{"line":41,"column":16}},{"start":{"line":41,"column":20},"end":{"line":41,"column":84}}],"line":41},"5":{"loc":{"start":{"line":42,"column":10},"end":{"line":49,"column":11}},"type":"if","locations":[{"start":{"line":42,"column":10},"end":{"line":49,"column":11}},{"start":{"line":42,"column":10},"end":{"line":49,"column":11}}],"line":42}},"s":{"0":0,"1":0,"2":0,"3":0,"4":0,"5":0,"6":0,"7":0,"8":0,"9":0,"10":0,"11":0,"12":0,"13":0,"14":0,"15":0,"16":0,"17":0,"18":0,"19":0,"20":0,"21":0,"22":0,"23":0,"24":0,"25":0,"26":0,"27":0,"28":0,"29":0,"30":0,"31":0,"32":0,"33":0,"34":0,"35":0,"36":0,"37":0,"38":0,"39":0},"f":{"0":0,"1":0},"b":{"0":[0,0],"1":[0,0],"2":[0,0],"3":[0,0],"4":[0,0],"5":[0,0]},"hash":"54c694c27ed3baddc13596bf7cc588d89e621416"}
,"C:\\Users\\Adam\\Desktop\\warsawjs-workshop-35-legacy-code\\reports\\lastSevenDays.js": {"path":"C:\\Users\\Adam\\Desktop\\warsawjs-workshop-35-legacy-code\\reports\\lastSevenDays.js","statementMap":{"0":{"start":{"line":1,"column":9},"end":{"line":1,"column":22}},"1":{"start":{"line":2,"column":14},"end":{"line":2,"column":39}},"2":{"start":{"line":3,"column":13},"end":{"line":3,"column":37}},"3":{"start":{"line":5,"column":17},"end":{"line":5,"column":45}},"4":{"start":{"line":6,"column":14},"end":{"line":6,"column":42}},"5":{"start":{"line":7,"column":14},"end":{"line":7,"column":42}},"6":{"start":{"line":10,"column":13},"end":{"line":10,"column":15}},"7":{"start":{"line":12,"column":0},"end":{"line":12,"column":46}},"8":{"start":{"line":14,"column":0},"end":{"line":61,"column":3}},"9":{"start":{"line":15,"column":2},"end":{"line":15,"column":25}},"10":{"start":{"line":18,"column":13},"end":{"line":18,"column":15}},"11":{"start":{"line":20,"column":14},"end":{"line":20,"column":16}},"12":{"start":{"line":22,"column":2},"end":{"line":59,"column":3}},"13":{"start":{"line":22,"column":15},"end":{"line":22,"column":16}},"14":{"start":{"line":23,"column":4},"end":{"line":58,"column":5}},"15":{"start":{"line":24,"column":6},"end":{"line":24,"column":74}},"16":{"start":{"line":25,"column":6},"end":{"line":25,"column":60}},"17":{"start":{"line":27,"column":6},"end":{"line":34,"column":7}},"18":{"start":{"line":27,"column":19},"end":{"line":27,"column":20}},"19":{"start":{"line":28,"column":8},"end":{"line":33,"column":9}},"20":{"start":{"line":29,"column":10},"end":{"line":31,"column":11}},"21":{"start":{"line":30,"column":12},"end":{"line":30,"column":29}},"22":{"start":{"line":32,"column":10},"end":{"line":32,"column":103}},"23":{"start":{"line":36,"column":24},"end":{"line":36,"column":25}},"24":{"start":{"line":37,"column":18},"end":{"line":37,"column":33}},"25":{"start":{"line":38,"column":23},"end":{"line":38,"column":44}},"26":{"start":{"line":39,"column":20},"end":{"line":39,"column":50}},"27":{"start":{"line":41,"column":27},"end":{"line":41,"column":37}},"28":{"start":{"line":43,"column":6},"end":{"line":43,"column":53}},"29":{"start":{"line":45,"column":6},"end":{"line":54,"column":7}},"30":{"start":{"line":46,"column":8},"end":{"line":52,"column":9}},"31":{"start":{"line":46,"column":37},"end":{"line":46,"column":98}},"32":{"start":{"line":47,"column":10},"end":{"line":47,"column":51}},"33":{"start":{"line":49,"column":10},"end":{"line":51,"column":11}},"34":{"start":{"line":50,"column":12},"end":{"line":50,"column":54}},"35":{"start":{"line":53,"column":8},"end":{"line":53,"column":50}},"36":{"start":{"line":56,"column":6},"end":{"line":56,"column":25}}},"fnMap":{"0":{"name":"(anonymous_0)","decl":{"start":{"line":14,"column":35},"end":{"line":14,"column":36}},"loc":{"start":{"line":14,"column":50},"end":{"line":61,"column":1}},"line":14},"1":{"name":"(anonymous_1)","decl":{"start":{"line":46,"column":29},"end":{"line":46,"column":30}},"loc":{"start":{"line":46,"column":37},"end":{"line":46,"column":98}},"line":46}},"branchMap":{"0":{"loc":{"start":{"line":23,"column":4},"end":{"line":58,"column":5}},"type":"if","locations":[{"start":{"line":23,"column":4},"end":{"line":58,"column":5}},{"start":{"line":23,"column":4},"end":{"line":58,"column":5}}],"line":23},"1":{"loc":{"start":{"line":28,"column":8},"end":{"line":33,"column":9}},"type":"if","locations":[{"start":{"line":28,"column":8},"end":{"line":33,"column":9}},{"start":{"line":28,"column":8},"end":{"line":33,"column":9}}],"line":28},"2":{"loc":{"start":{"line":29,"column":10},"end":{"line":31,"column":11}},"type":"if","locations":[{"start":{"line":29,"column":10},"end":{"line":31,"column":11}},{"start":{"line":29,"column":10},"end":{"line":31,"column":11}}],"line":29},"3":{"loc":{"start":{"line":46,"column":8},"end":{"line":52,"column":9}},"type":"if","locations":[{"start":{"line":46,"column":8},"end":{"line":52,"column":9}},{"start":{"line":46,"column":8},"end":{"line":52,"column":9}}],"line":46},"4":{"loc":{"start":{"line":49,"column":10},"end":{"line":51,"column":11}},"type":"if","locations":[{"start":{"line":49,"column":10},"end":{"line":51,"column":11}},{"start":{"line":49,"column":10},"end":{"line":51,"column":11}}],"line":49}},"s":{"0":0,"1":0,"2":0,"3":0,"4":0,"5":0,"6":0,"7":0,"8":0,"9":0,"10":0,"11":0,"12":0,"13":0,"14":0,"15":0,"16":0,"17":0,"18":0,"19":0,"20":0,"21":0,"22":0,"23":0,"24":0,"25":0,"26":0,"27":0,"28":0,"29":0,"30":0,"31":0,"32":0,"33":0,"34":0,"35":0,"36":0},"f":{"0":0,"1":0},"b":{"0":[0,0],"1":[0,0],"2":[0,0],"3":[0,0],"4":[0,0]},"hash":"4125eff8907c5a834dc8486043cf99619beb0ed1"}
,"C:\\Users\\Adam\\Desktop\\warsawjs-workshop-35-legacy-code\\src\\BaseStreak.js": {"path":"C:\\Users\\Adam\\Desktop\\warsawjs-workshop-35-legacy-code\\src\\BaseStreak.js","statementMap":{"0":{"start":{"line":1,"column":0},"end":{"line":23,"column":1}},"1":{"start":{"line":3,"column":4},"end":{"line":3,"column":22}},"2":{"start":{"line":4,"column":4},"end":{"line":4,"column":21}},"3":{"start":{"line":5,"column":4},"end":{"line":5,"column":24}},"4":{"start":{"line":9,"column":4},"end":{"line":9,"column":22}},"5":{"start":{"line":13,"column":4},"end":{"line":13,"column":21}},"6":{"start":{"line":17,"column":4},"end":{"line":17,"column":22}},"7":{"start":{"line":21,"column":4},"end":{"line":21,"column":21}}},"fnMap":{"0":{"name":"(anonymous_0)","decl":{"start":{"line":2,"column":2},"end":{"line":2,"column":3}},"loc":{"start":{"line":2,"column":16},"end":{"line":6,"column":3}},"line":2},"1":{"name":"(anonymous_1)","decl":{"start":{"line":8,"column":2},"end":{"line":8,"column":3}},"loc":{"start":{"line":8,"column":13},"end":{"line":10,"column":3}},"line":8},"2":{"name":"(anonymous_2)","decl":{"start":{"line":12,"column":2},"end":{"line":12,"column":3}},"loc":{"start":{"line":12,"column":12},"end":{"line":14,"column":3}},"line":12},"3":{"name":"(anonymous_3)","decl":{"start":{"line":16,"column":2},"end":{"line":16,"column":3}},"loc":{"start":{"line":16,"column":21},"end":{"line":18,"column":3}},"line":16},"4":{"name":"(anonymous_4)","decl":{"start":{"line":20,"column":2},"end":{"line":20,"column":3}},"loc":{"start":{"line":20,"column":19},"end":{"line":22,"column":3}},"line":20}},"branchMap":{},"s":{"0":0,"1":0,"2":0,"3":0,"4":0,"5":0,"6":0,"7":0},"f":{"0":0,"1":0,"2":0,"3":0,"4":0},"b":{},"hash":"7e99a389c90bb3271a6c14e174fadd037e724625"}
,"C:\\Users\\Adam\\Desktop\\warsawjs-workshop-35-legacy-code\\src\\CounterBar.js": {"path":"C:\\Users\\Adam\\Desktop\\warsawjs-workshop-35-legacy-code\\src\\CounterBar.js","statementMap":{"0":{"start":{"line":1,"column":0},"end":{"line":14,"column":1}},"1":{"start":{"line":3,"column":4},"end":{"line":3,"column":25}},"2":{"start":{"line":7,"column":14},"end":{"line":7,"column":24}},"3":{"start":{"line":8,"column":6},"end":{"line":10,"column":7}},"4":{"start":{"line":8,"column":19},"end":{"line":8,"column":20}},"5":{"start":{"line":9,"column":6},"end":{"line":9,"column":17}},"6":{"start":{"line":11,"column":4},"end":{"line":11,"column":22}},"7":{"start":{"line":12,"column":4},"end":{"line":12,"column":15}}},"fnMap":{"0":{"name":"(anonymous_0)","decl":{"start":{"line":2,"column":2},"end":{"line":2,"column":3}},"loc":{"start":{"line":2,"column":22},"end":{"line":4,"column":3}},"line":2},"1":{"name":"(anonymous_1)","decl":{"start":{"line":6,"column":2},"end":{"line":6,"column":3}},"loc":{"start":{"line":6,"column":11},"end":{"line":13,"column":3}},"line":6}},"branchMap":{},"s":{"0":0,"1":0,"2":0,"3":0,"4":0,"5":0,"6":0,"7":0},"f":{"0":0,"1":0},"b":{},"hash":"1e48bb9adb64853edfc3a64283962d85271f0531"}
,"C:\\Users\\Adam\\Desktop\\warsawjs-workshop-35-legacy-code\\src\\DayDate.js": {"path":"C:\\Users\\Adam\\Desktop\\warsawjs-workshop-35-legacy-code\\src\\DayDate.js","statementMap":{"0":{"start":{"line":1,"column":0},"end":{"line":38,"column":1}},"1":{"start":{"line":3,"column":4},"end":{"line":3,"column":23}},"2":{"start":{"line":7,"column":12},"end":{"line":7,"column":31}},"3":{"start":{"line":8,"column":4},"end":{"line":8,"column":42}},"4":{"start":{"line":9,"column":14},"end":{"line":9,"column":35}},"5":{"start":{"line":10,"column":4},"end":{"line":10,"column":43}},"6":{"start":{"line":10,"column":27},"end":{"line":10,"column":43}},"7":{"start":{"line":11,"column":14},"end":{"line":11,"column":25}},"8":{"start":{"line":12,"column":4},"end":{"line":12,"column":42}},"9":{"start":{"line":12,"column":26},"end":{"line":12,"column":42}},"10":{"start":{"line":13,"column":4},"end":{"line":13,"column":59}},"11":{"start":{"line":17,"column":12},"end":{"line":17,"column":22}},"12":{"start":{"line":18,"column":14},"end":{"line":18,"column":35}},"13":{"start":{"line":19,"column":4},"end":{"line":19,"column":43}},"14":{"start":{"line":19,"column":27},"end":{"line":19,"column":43}},"15":{"start":{"line":20,"column":14},"end":{"line":20,"column":25}},"16":{"start":{"line":21,"column":4},"end":{"line":21,"column":42}},"17":{"start":{"line":21,"column":26},"end":{"line":21,"column":42}},"18":{"start":{"line":22,"column":4},"end":{"line":22,"column":59}},"19":{"start":{"line":26,"column":12},"end":{"line":26,"column":31}},"20":{"start":{"line":27,"column":4},"end":{"line":27,"column":31}},"21":{"start":{"line":28,"column":14},"end":{"line":28,"column":35}},"22":{"start":{"line":29,"column":4},"end":{"line":29,"column":43}},"23":{"start":{"line":29,"column":27},"end":{"line":29,"column":43}},"24":{"start":{"line":30,"column":14},"end":{"line":30,"column":25}},"25":{"start":{"line":31,"column":4},"end":{"line":31,"column":42}},"26":{"start":{"line":31,"column":26},"end":{"line":31,"column":42}},"27":{"start":{"line":32,"column":4},"end":{"line":32,"column":59}},"28":{"start":{"line":36,"column":4},"end":{"line":36,"column":21}}},"fnMap":{"0":{"name":"(anonymous_0)","decl":{"start":{"line":2,"column":2},"end":{"line":2,"column":3}},"loc":{"start":{"line":2,"column":22},"end":{"line":4,"column":3}},"line":2},"1":{"name":"(anonymous_1)","decl":{"start":{"line":6,"column":2},"end":{"line":6,"column":3}},"loc":{"start":{"line":6,"column":29},"end":{"line":14,"column":3}},"line":6},"2":{"name":"(anonymous_2)","decl":{"start":{"line":16,"column":2},"end":{"line":16,"column":3}},"loc":{"start":{"line":16,"column":17},"end":{"line":23,"column":3}},"line":16},"3":{"name":"(anonymous_3)","decl":{"start":{"line":25,"column":2},"end":{"line":25,"column":3}},"loc":{"start":{"line":25,"column":12},"end":{"line":33,"column":3}},"line":25},"4":{"name":"(anonymous_4)","decl":{"start":{"line":35,"column":2},"end":{"line":35,"column":3}},"loc":{"start":{"line":35,"column":13},"end":{"line":37,"column":3}},"line":35}},"branchMap":{"0":{"loc":{"start":{"line":10,"column":4},"end":{"line":10,"column":43}},"type":"if","locations":[{"start":{"line":10,"column":4},"end":{"line":10,"column":43}},{"start":{"line":10,"column":4},"end":{"line":10,"column":43}}],"line":10},"1":{"loc":{"start":{"line":12,"column":4},"end":{"line":12,"column":42}},"type":"if","locations":[{"start":{"line":12,"column":4},"end":{"line":12,"column":42}},{"start":{"line":12,"column":4},"end":{"line":12,"column":42}}],"line":12},"2":{"loc":{"start":{"line":19,"column":4},"end":{"line":19,"column":43}},"type":"if","locations":[{"start":{"line":19,"column":4},"end":{"line":19,"column":43}},{"start":{"line":19,"column":4},"end":{"line":19,"column":43}}],"line":19},"3":{"loc":{"start":{"line":21,"column":4},"end":{"line":21,"column":42}},"type":"if","locations":[{"start":{"line":21,"column":4},"end":{"line":21,"column":42}},{"start":{"line":21,"column":4},"end":{"line":21,"column":42}}],"line":21},"4":{"loc":{"start":{"line":29,"column":4},"end":{"line":29,"column":43}},"type":"if","locations":[{"start":{"line":29,"column":4},"end":{"line":29,"column":43}},{"start":{"line":29,"column":4},"end":{"line":29,"column":43}}],"line":29},"5":{"loc":{"start":{"line":31,"column":4},"end":{"line":31,"column":42}},"type":"if","locations":[{"start":{"line":31,"column":4},"end":{"line":31,"column":42}},{"start":{"line":31,"column":4},"end":{"line":31,"column":42}}],"line":31}},"s":{"0":0,"1":0,"2":0,"3":0,"4":0,"5":0,"6":0,"7":0,"8":0,"9":0,"10":0,"11":0,"12":0,"13":0,"14":0,"15":0,"16":0,"17":0,"18":0,"19":0,"20":0,"21":0,"22":0,"23":0,"24":0,"25":0,"26":0,"27":0,"28":0},"f":{"0":0,"1":0,"2":0,"3":0,"4":0},"b":{"0":[0,0],"1":[0,0],"2":[0,0],"3":[0,0],"4":[0,0],"5":[0,0]},"hash":"bc4f78ca2fb2c599c0834e9e8126fdef0f2328e8"}
,"C:\\Users\\Adam\\Desktop\\warsawjs-workshop-35-legacy-code\\src\\DaysBar.js": {"path":"C:\\Users\\Adam\\Desktop\\warsawjs-workshop-35-legacy-code\\src\\DaysBar.js","statementMap":{"0":{"start":{"line":1,"column":0},"end":{"line":37,"column":1}},"1":{"start":{"line":3,"column":4},"end":{"line":3,"column":40}},"2":{"start":{"line":4,"column":4},"end":{"line":4,"column":23}},"3":{"start":{"line":9,"column":4},"end":{"line":9,"column":72}},"4":{"start":{"line":13,"column":25},"end":{"line":13,"column":40}},"5":{"start":{"line":14,"column":14},"end":{"line":14,"column":16}},"6":{"start":{"line":16,"column":4},"end":{"line":33,"column":5}},"7":{"start":{"line":17,"column":20},"end":{"line":17,"column":101}},"8":{"start":{"line":17,"column":50},"end":{"line":17,"column":100}},"9":{"start":{"line":19,"column":6},"end":{"line":31,"column":7}},"10":{"start":{"line":20,"column":8},"end":{"line":26,"column":9}},"11":{"start":{"line":22,"column":10},"end":{"line":22,"column":41}},"12":{"start":{"line":25,"column":10},"end":{"line":25,"column":41}},"13":{"start":{"line":29,"column":10},"end":{"line":29,"column":41}},"14":{"start":{"line":32,"column":6},"end":{"line":32,"column":48}},"15":{"start":{"line":35,"column":4},"end":{"line":35,"column":21}}},"fnMap":{"0":{"name":"(anonymous_0)","decl":{"start":{"line":2,"column":2},"end":{"line":2,"column":3}},"loc":{"start":{"line":2,"column":24},"end":{"line":5,"column":3}},"line":2},"1":{"name":"(anonymous_1)","decl":{"start":{"line":7,"column":2},"end":{"line":7,"column":3}},"loc":{"start":{"line":7,"column":33},"end":{"line":10,"column":3}},"line":7},"2":{"name":"(anonymous_2)","decl":{"start":{"line":12,"column":2},"end":{"line":12,"column":3}},"loc":{"start":{"line":12,"column":13},"end":{"line":36,"column":3}},"line":12},"3":{"name":"(anonymous_3)","decl":{"start":{"line":17,"column":39},"end":{"line":17,"column":40}},"loc":{"start":{"line":17,"column":50},"end":{"line":17,"column":100}},"line":17}},"branchMap":{"0":{"loc":{"start":{"line":19,"column":6},"end":{"line":31,"column":7}},"type":"if","locations":[{"start":{"line":19,"column":6},"end":{"line":31,"column":7}},{"start":{"line":19,"column":6},"end":{"line":31,"column":7}}],"line":19},"1":{"loc":{"start":{"line":20,"column":8},"end":{"line":26,"column":9}},"type":"if","locations":[{"start":{"line":20,"column":8},"end":{"line":26,"column":9}},{"start":{"line":20,"column":8},"end":{"line":26,"column":9}}],"line":20}},"s":{"0":0,"1":0,"2":0,"3":0,"4":0,"5":0,"6":0,"7":0,"8":0,"9":0,"10":0,"11":0,"12":0,"13":0,"14":0,"15":0},"f":{"0":0,"1":0,"2":0,"3":0},"b":{"0":[0,0],"1":[0,0]},"hash":"5864e80ecd50266ad3b4e7dc2ef30f25a7e42cad"}
,"C:\\Users\\Adam\\Desktop\\warsawjs-workshop-35-legacy-code\\src\\Streak.js": {"path":"C:\\Users\\Adam\\Desktop\\warsawjs-workshop-35-legacy-code\\src\\Streak.js","statementMap":{"0":{"start":{"line":1,"column":19},"end":{"line":1,"column":45}},"1":{"start":{"line":3,"column":0},"end":{"line":14,"column":1}},"2":{"start":{"line":5,"column":12},"end":{"line":5,"column":22}},"3":{"start":{"line":6,"column":12},"end":{"line":6,"column":21}},"4":{"start":{"line":9,"column":15},"end":{"line":9,"column":70}},"5":{"start":{"line":10,"column":15},"end":{"line":10,"column":41}},"6":{"start":{"line":12,"column":4},"end":{"line":12,"column":16}}},"fnMap":{"0":{"name":"(anonymous_0)","decl":{"start":{"line":4,"column":2},"end":{"line":4,"column":3}},"loc":{"start":{"line":4,"column":11},"end":{"line":13,"column":3}},"line":4}},"branchMap":{},"s":{"0":0,"1":0,"2":0,"3":0,"4":0,"5":0,"6":0},"f":{"0":0},"b":{},"hash":"302bdc336901ad0385141ac9f8726bb9b2389a52"}
,"C:\\Users\\Adam\\Desktop\\warsawjs-workshop-35-legacy-code\\src\\Streaks.js": {"path":"C:\\Users\\Adam\\Desktop\\warsawjs-workshop-35-legacy-code\\src\\Streaks.js","statementMap":{"0":{"start":{"line":1,"column":16},"end":{"line":1,"column":46}},"1":{"start":{"line":2,"column":17},"end":{"line":2,"column":45}},"2":{"start":{"line":4,"column":0},"end":{"line":53,"column":1}},"3":{"start":{"line":6,"column":4},"end":{"line":6,"column":27}},"4":{"start":{"line":10,"column":18},"end":{"line":10,"column":30}},"5":{"start":{"line":11,"column":4},"end":{"line":16,"column":5}},"6":{"start":{"line":12,"column":19},"end":{"line":14,"column":14}},"7":{"start":{"line":13,"column":30},"end":{"line":13,"column":140}},"8":{"start":{"line":13,"column":61},"end":{"line":13,"column":71}},"9":{"start":{"line":13,"column":79},"end":{"line":13,"column":140}},"10":{"start":{"line":13,"column":110},"end":{"line":13,"column":119}},"11":{"start":{"line":13,"column":129},"end":{"line":13,"column":138}},"12":{"start":{"line":15,"column":6},"end":{"line":15,"column":289}},"13":{"start":{"line":20,"column":4},"end":{"line":35,"column":5}},"14":{"start":{"line":21,"column":23},"end":{"line":21,"column":48}},"15":{"start":{"line":22,"column":6},"end":{"line":28,"column":7}},"16":{"start":{"line":23,"column":10},"end":{"line":27,"column":11}},"17":{"start":{"line":24,"column":12},"end":{"line":24,"column":56}},"18":{"start":{"line":26,"column":12},"end":{"line":26,"column":35}},"19":{"start":{"line":30,"column":6},"end":{"line":34,"column":7}},"20":{"start":{"line":31,"column":8},"end":{"line":31,"column":237}},"21":{"start":{"line":33,"column":8},"end":{"line":33,"column":71}},"22":{"start":{"line":39,"column":13},"end":{"line":39,"column":35}},"23":{"start":{"line":40,"column":14},"end":{"line":40,"column":36}},"24":{"start":{"line":41,"column":4},"end":{"line":41,"column":44}},"25":{"start":{"line":41,"column":28},"end":{"line":41,"column":44}},"26":{"start":{"line":42,"column":14},"end":{"line":42,"column":26}},"27":{"start":{"line":43,"column":4},"end":{"line":43,"column":43}},"28":{"start":{"line":43,"column":27},"end":{"line":43,"column":43}},"29":{"start":{"line":44,"column":4},"end":{"line":44,"column":45}},"30":{"start":{"line":45,"column":13},"end":{"line":45,"column":24}},"31":{"start":{"line":46,"column":4},"end":{"line":50,"column":5}},"32":{"start":{"line":47,"column":6},"end":{"line":47,"column":28}},"33":{"start":{"line":49,"column":6},"end":{"line":49,"column":29}},"34":{"start":{"line":51,"column":4},"end":{"line":51,"column":26}}},"fnMap":{"0":{"name":"(anonymous_0)","decl":{"start":{"line":5,"column":2},"end":{"line":5,"column":3}},"loc":{"start":{"line":5,"column":23},"end":{"line":7,"column":3}},"line":5},"1":{"name":"(anonymous_1)","decl":{"start":{"line":9,"column":2},"end":{"line":9,"column":3}},"loc":{"start":{"line":9,"column":32},"end":{"line":36,"column":3}},"line":9},"2":{"name":"(anonymous_2)","decl":{"start":{"line":13,"column":14},"end":{"line":13,"column":15}},"loc":{"start":{"line":13,"column":28},"end":{"line":13,"column":142}},"line":13},"3":{"name":"(anonymous_3)","decl":{"start":{"line":38,"column":2},"end":{"line":38,"column":3}},"loc":{"start":{"line":38,"column":20},"end":{"line":52,"column":3}},"line":38}},"branchMap":{"0":{"loc":{"start":{"line":11,"column":4},"end":{"line":16,"column":5}},"type":"if","locations":[{"start":{"line":11,"column":4},"end":{"line":16,"column":5}},{"start":{"line":11,"column":4},"end":{"line":16,"column":5}}],"line":11},"1":{"loc":{"start":{"line":13,"column":30},"end":{"line":13,"column":140}},"type":"if","locations":[{"start":{"line":13,"column":30},"end":{"line":13,"column":140}},{"start":{"line":13,"column":30},"end":{"line":13,"column":140}}],"line":13},"2":{"loc":{"start":{"line":13,"column":79},"end":{"line":13,"column":140}},"type":"if","locations":[{"start":{"line":13,"column":79},"end":{"line":13,"column":140}},{"start":{"line":13,"column":79},"end":{"line":13,"column":140}}],"line":13},"3":{"loc":{"start":{"line":20,"column":4},"end":{"line":35,"column":5}},"type":"if","locations":[{"start":{"line":20,"column":4},"end":{"line":35,"column":5}},{"start":{"line":20,"column":4},"end":{"line":35,"column":5}}],"line":20},"4":{"loc":{"start":{"line":22,"column":6},"end":{"line":28,"column":7}},"type":"if","locations":[{"start":{"line":22,"column":6},"end":{"line":28,"column":7}},{"start":{"line":22,"column":6},"end":{"line":28,"column":7}}],"line":22},"5":{"loc":{"start":{"line":23,"column":10},"end":{"line":27,"column":11}},"type":"if","locations":[{"start":{"line":23,"column":10},"end":{"line":27,"column":11}},{"start":{"line":23,"column":10},"end":{"line":27,"column":11}}],"line":23},"6":{"loc":{"start":{"line":30,"column":6},"end":{"line":34,"column":7}},"type":"if","locations":[{"start":{"line":30,"column":6},"end":{"line":34,"column":7}},{"start":{"line":30,"column":6},"end":{"line":34,"column":7}}],"line":30},"7":{"loc":{"start":{"line":41,"column":4},"end":{"line":41,"column":44}},"type":"if","locations":[{"start":{"line":41,"column":4},"end":{"line":41,"column":44}},{"start":{"line":41,"column":4},"end":{"line":41,"column":44}}],"line":41},"8":{"loc":{"start":{"line":43,"column":4},"end":{"line":43,"column":43}},"type":"if","locations":[{"start":{"line":43,"column":4},"end":{"line":43,"column":43}},{"start":{"line":43,"column":4},"end":{"line":43,"column":43}}],"line":43},"9":{"loc":{"start":{"line":46,"column":4},"end":{"line":50,"column":5}},"type":"if","locations":[{"start":{"line":46,"column":4},"end":{"line":50,"column":5}},{"start":{"line":46,"column":4},"end":{"line":50,"column":5}}],"line":46},"10":{"loc":{"start":{"line":46,"column":8},"end":{"line":46,"column":60}},"type":"binary-expr","locations":[{"start":{"line":46,"column":8},"end":{"line":46,"column":27}},{"start":{"line":46,"column":31},"end":{"line":46,"column":60}}],"line":46}},"s":{"0":0,"1":0,"2":0,"3":0,"4":0,"5":0,"6":0,"7":0,"8":0,"9":0,"10":0,"11":0,"12":0,"13":0,"14":0,"15":0,"16":0,"17":0,"18":0,"19":0,"20":0,"21":0,"22":0,"23":0,"24":0,"25":0,"26":0,"27":0,"28":0,"29":0,"30":0,"31":0,"32":0,"33":0,"34":0},"f":{"0":0,"1":0,"2":0,"3":0},"b":{"0":[0,0],"1":[0,0],"2":[0,0],"3":[0,0],"4":[0,0],"5":[0,0],"6":[0,0],"7":[0,0],"8":[0,0],"9":[0,0],"10":[0,0]},"hash":"d322b60ec273433bdefeb044717e394437c8d020"}
,"C:\\Users\\Adam\\Desktop\\warsawjs-workshop-35-legacy-code\\src\\genSpaces.js": {"path":"C:\\Users\\Adam\\Desktop\\warsawjs-workshop-35-legacy-code\\src\\genSpaces.js","statementMap":{"0":{"start":{"line":2,"column":0},"end":{"line":8,"column":1}},"1":{"start":{"line":3,"column":15},"end":{"line":3,"column":17}},"2":{"start":{"line":4,"column":2},"end":{"line":6,"column":3}},"3":{"start":{"line":4,"column":15},"end":{"line":4,"column":16}},"4":{"start":{"line":5,"column":4},"end":{"line":5,"column":26}},"5":{"start":{"line":7,"column":2},"end":{"line":7,"column":16}}},"fnMap":{"0":{"name":"(anonymous_0)","decl":{"start":{"line":2,"column":17},"end":{"line":2,"column":18}},"loc":{"start":{"line":2,"column":29},"end":{"line":8,"column":1}},"line":2}},"branchMap":{},"s":{"0":0,"1":0,"2":0,"3":0,"4":0,"5":0},"f":{"0":0},"b":{},"hash":"0c7e48cab3e83412c2cef5491d901453095ab1e1"}
,"C:\\Users\\Adam\\Desktop\\warsawjs-workshop-35-legacy-code\\src\\getMessage.js": {"path":"C:\\Users\\Adam\\Desktop\\warsawjs-workshop-35-legacy-code\\src\\getMessage.js","statementMap":{"0":{"start":{"line":1,"column":0},"end":{"line":7,"column":1}},"1":{"start":{"line":2,"column":4},"end":{"line":6,"column":5}},"2":{"start":{"line":3,"column":8},"end":{"line":3,"column":44}},"3":{"start":{"line":5,"column":8},"end":{"line":5,"column":48}}},"fnMap":{"0":{"name":"(anonymous_0)","decl":{"start":{"line":1,"column":17},"end":{"line":1,"column":18}},"loc":{"start":{"line":1,"column":34},"end":{"line":7,"column":1}},"line":1}},"branchMap":{"0":{"loc":{"start":{"line":2,"column":4},"end":{"line":6,"column":5}},"type":"if","locations":[{"start":{"line":2,"column":4},"end":{"line":6,"column":5}},{"start":{"line":2,"column":4},"end":{"line":6,"column":5}}],"line":2}},"s":{"0":1,"1":1,"2":1,"3":0},"f":{"0":1},"b":{"0":[1,0]},"_coverageSchema":"43e27e138ebf9cfc5966b082cf9a028302ed4184","hash":"8f8fab0fced985e7cc215e4f0e370c1792287495"}
}
